Determining if the pthread_create exist failed with the following output:
Change Dir: /home/sofar/catkin_workspace_SOFAR_semantic_slam/build/CMakeFiles/CMakeTmp

Run Build Command:"/usr/bin/make" "cmTC_b1aeb/fast"
/usr/bin/make -f CMakeFiles/cmTC_b1aeb.dir/build.make CMakeFiles/cmTC_b1aeb.dir/build
make[1]: Entering directory '/home/sofar/catkin_workspace_SOFAR_semantic_slam/build/CMakeFiles/CMakeTmp'
Building C object CMakeFiles/cmTC_b1aeb.dir/CheckSymbolExists.c.o
/usr/bin/cc     -o CMakeFiles/cmTC_b1aeb.dir/CheckSymbolExists.c.o   -c /home/sofar/catkin_workspace_SOFAR_semantic_slam/build/CMakeFiles/CMakeTmp/CheckSymbolExists.c
Linking C executable cmTC_b1aeb
/usr/bin/cmake -E cmake_link_script CMakeFiles/cmTC_b1aeb.dir/link.txt --verbose=1
/usr/bin/cc       CMakeFiles/cmTC_b1aeb.dir/CheckSymbolExists.c.o  -o cmTC_b1aeb -rdynamic 
CMakeFiles/cmTC_b1aeb.dir/CheckSymbolExists.c.o: In function `main':
CheckSymbolExists.c:(.text+0x16): undefined reference to `pthread_create'
collect2: error: ld returned 1 exit status
CMakeFiles/cmTC_b1aeb.dir/build.make:97: recipe for target 'cmTC_b1aeb' failed
make[1]: *** [cmTC_b1aeb] Error 1
make[1]: Leaving directory '/home/sofar/catkin_workspace_SOFAR_semantic_slam/build/CMakeFiles/CMakeTmp'
Makefile:126: recipe for target 'cmTC_b1aeb/fast' failed
make: *** [cmTC_b1aeb/fast] Error 2

File /home/sofar/catkin_workspace_SOFAR_semantic_slam/build/CMakeFiles/CMakeTmp/CheckSymbolExists.c:
/* */
#include <pthread.h>

int main(int argc, char** argv)
{
  (void)argv;
#ifndef pthread_create
  return ((int*)(&pthread_create))[argc];
#else
  (void)argc;
  return 0;
#endif
}

Determining if the function pthread_create exists in the pthreads failed with the following output:
Change Dir: /home/sofar/catkin_workspace_SOFAR_semantic_slam/build/CMakeFiles/CMakeTmp

Run Build Command:"/usr/bin/make" "cmTC_36893/fast"
/usr/bin/make -f CMakeFiles/cmTC_36893.dir/build.make CMakeFiles/cmTC_36893.dir/build
make[1]: Entering directory '/home/sofar/catkin_workspace_SOFAR_semantic_slam/build/CMakeFiles/CMakeTmp'
Building C object CMakeFiles/cmTC_36893.dir/CheckFunctionExists.c.o
/usr/bin/cc    -DCHECK_FUNCTION_EXISTS=pthread_create   -o CMakeFiles/cmTC_36893.dir/CheckFunctionExists.c.o   -c /usr/share/cmake-3.5/Modules/CheckFunctionExists.c
Linking C executable cmTC_36893
/usr/bin/cmake -E cmake_link_script CMakeFiles/cmTC_36893.dir/link.txt --verbose=1
/usr/bin/cc   -DCHECK_FUNCTION_EXISTS=pthread_create    CMakeFiles/cmTC_36893.dir/CheckFunctionExists.c.o  -o cmTC_36893 -rdynamic -lpthreads 
/usr/bin/ld: cannot find -lpthreads
collect2: error: ld returned 1 exit status
CMakeFiles/cmTC_36893.dir/build.make:97: recipe for target 'cmTC_36893' failed
make[1]: *** [cmTC_36893] Error 1
make[1]: Leaving directory '/home/sofar/catkin_workspace_SOFAR_semantic_slam/build/CMakeFiles/CMakeTmp'
Makefile:126: recipe for target 'cmTC_36893/fast' failed
make: *** [cmTC_36893/fast] Error 2


